Determining if the pthread_create exist failed with the following output:
Change Dir: /home/ubuntu/ros_catkin_ws/build_isolated/rosboost_cfg/CMakeFiles/CMakeTmp

Run Build Command:/usr/bin/make "cmTryCompileExec4154038024/fast"
/usr/bin/make -f CMakeFiles/cmTryCompileExec4154038024.dir/build.make CMakeFiles/cmTryCompileExec4154038024.dir/build
make[1]: Entering directory `/home/ubuntu/ros_catkin_ws/build_isolated/rosboost_cfg/CMakeFiles/CMakeTmp'
/usr/bin/cmake -E cmake_progress_report /home/ubuntu/ros_catkin_ws/build_isolated/rosboost_cfg/CMakeFiles/CMakeTmp/CMakeFiles 1
Building C object CMakeFiles/cmTryCompileExec4154038024.dir/CheckSymbolExists.c.o
/usr/bin/cc    -o CMakeFiles/cmTryCompileExec4154038024.dir/CheckSymbolExists.c.o   -c /home/ubuntu/ros_catkin_ws/build_isolated/rosboost_cfg/CMakeFiles/CMakeTmp/CheckSymbolExists.c
Linking C executable cmTryCompileExec4154038024
/usr/bin/cmake -E cmake_link_script CMakeFiles/cmTryCompileExec4154038024.dir/link.txt --verbose=1
/usr/bin/cc       CMakeFiles/cmTryCompileExec4154038024.dir/CheckSymbolExists.c.o  -o cmTryCompileExec4154038024 -rdynamic 
CMakeFiles/cmTryCompileExec4154038024.dir/CheckSymbolExists.c.o: In function `main':
CheckSymbolExists.c:(.text+0xe): undefined reference to `pthread_create'
CheckSymbolExists.c:(.text+0x12): undefined reference to `pthread_create'
collect2: error: ld returned 1 exit status
make[1]: Leaving directory `/home/ubuntu/ros_catkin_ws/build_isolated/rosboost_cfg/CMakeFiles/CMakeTmp'
make[1]: *** [cmTryCompileExec4154038024] Error 1
make: *** [cmTryCompileExec4154038024/fast] Error 2

File /home/ubuntu/ros_catkin_ws/build_isolated/rosboost_cfg/CMakeFiles/CMakeTmp/CheckSymbolExists.c:
/* */
#include <pthread.h>

int main(int argc, char** argv)
{
  (void)argv;
#ifndef pthread_create
  return ((int*)(&pthread_create))[argc];
#else
  (void)argc;
  return 0;
#endif
}

Determining if the function pthread_create exists in the pthreads failed with the following output:
Change Dir: /home/ubuntu/ros_catkin_ws/build_isolated/rosboost_cfg/CMakeFiles/CMakeTmp

Run Build Command:/usr/bin/make "cmTryCompileExec2741102858/fast"
/usr/bin/make -f CMakeFiles/cmTryCompileExec2741102858.dir/build.make CMakeFiles/cmTryCompileExec2741102858.dir/build
make[1]: Entering directory `/home/ubuntu/ros_catkin_ws/build_isolated/rosboost_cfg/CMakeFiles/CMakeTmp'
/usr/bin/cmake -E cmake_progress_report /home/ubuntu/ros_catkin_ws/build_isolated/rosboost_cfg/CMakeFiles/CMakeTmp/CMakeFiles 1
Building C object CMakeFiles/cmTryCompileExec2741102858.dir/CheckFunctionExists.c.o
/usr/bin/cc   -DCHECK_FUNCTION_EXISTS=pthread_create   -o CMakeFiles/cmTryCompileExec2741102858.dir/CheckFunctionExists.c.o   -c /usr/share/cmake-2.8/Modules/CheckFunctionExists.c
Linking C executable cmTryCompileExec2741102858
/usr/bin/cmake -E cmake_link_script CMakeFiles/cmTryCompileExec2741102858.dir/link.txt --verbose=1
/usr/bin/cc   -DCHECK_FUNCTION_EXISTS=pthread_create    CMakeFiles/cmTryCompileExec2741102858.dir/CheckFunctionExists.c.o  -o cmTryCompileExec2741102858 -rdynamic -lpthreads 
/usr/bin/ld: cannot find -lpthreads
collect2: error: ld returned 1 exit status
make[1]: Leaving directory `/home/ubuntu/ros_catkin_ws/build_isolated/rosboost_cfg/CMakeFiles/CMakeTmp'
make[1]: *** [cmTryCompileExec2741102858] Error 1
make: *** [cmTryCompileExec2741102858/fast] Error 2


