Determining if the pthread_create exist failed with the following output:
Change Dir: /home/ubuntu/ros_catkin_ws/build_isolated/message_filters/CMakeFiles/CMakeTmp

Run Build Command:/usr/bin/make "cmTryCompileExec346705599/fast"
/usr/bin/make -f CMakeFiles/cmTryCompileExec346705599.dir/build.make CMakeFiles/cmTryCompileExec346705599.dir/build
make[1]: Entering directory `/home/ubuntu/ros_catkin_ws/build_isolated/message_filters/CMakeFiles/CMakeTmp'
/usr/bin/cmake -E cmake_progress_report /home/ubuntu/ros_catkin_ws/build_isolated/message_filters/CMakeFiles/CMakeTmp/CMakeFiles 1
Building C object CMakeFiles/cmTryCompileExec346705599.dir/CheckSymbolExists.c.o
/usr/bin/cc    -o CMakeFiles/cmTryCompileExec346705599.dir/CheckSymbolExists.c.o   -c /home/ubuntu/ros_catkin_ws/build_isolated/message_filters/CMakeFiles/CMakeTmp/CheckSymbolExists.c
Linking C executable cmTryCompileExec346705599
/usr/bin/cmake -E cmake_link_script CMakeFiles/cmTryCompileExec346705599.dir/link.txt --verbose=1
/usr/bin/cc       CMakeFiles/cmTryCompileExec346705599.dir/CheckSymbolExists.c.o  -o cmTryCompileExec346705599 -rdynamic 
CMakeFiles/cmTryCompileExec346705599.dir/CheckSymbolExists.c.o: In function `main':
CheckSymbolExists.c:(.text+0xe): undefined reference to `pthread_create'
CheckSymbolExists.c:(.text+0x12): undefined reference to `pthread_create'
collect2: error: ld returned 1 exit status
make[1]: Leaving directory `/home/ubuntu/ros_catkin_ws/build_isolated/message_filters/CMakeFiles/CMakeTmp'
make[1]: *** [cmTryCompileExec346705599] Error 1
make: *** [cmTryCompileExec346705599/fast] Error 2

File /home/ubuntu/ros_catkin_ws/build_isolated/message_filters/CMakeFiles/CMakeTmp/CheckSymbolExists.c:
/* */
#include <pthread.h>

int main(int argc, char** argv)
{
  (void)argv;
#ifndef pthread_create
  return ((int*)(&pthread_create))[argc];
#else
  (void)argc;
  return 0;
#endif
}

Determining if the function pthread_create exists in the pthreads failed with the following output:
Change Dir: /home/ubuntu/ros_catkin_ws/build_isolated/message_filters/CMakeFiles/CMakeTmp

Run Build Command:/usr/bin/make "cmTryCompileExec3586874617/fast"
/usr/bin/make -f CMakeFiles/cmTryCompileExec3586874617.dir/build.make CMakeFiles/cmTryCompileExec3586874617.dir/build
make[1]: Entering directory `/home/ubuntu/ros_catkin_ws/build_isolated/message_filters/CMakeFiles/CMakeTmp'
/usr/bin/cmake -E cmake_progress_report /home/ubuntu/ros_catkin_ws/build_isolated/message_filters/CMakeFiles/CMakeTmp/CMakeFiles 1
Building C object CMakeFiles/cmTryCompileExec3586874617.dir/CheckFunctionExists.c.o
/usr/bin/cc   -DCHECK_FUNCTION_EXISTS=pthread_create   -o CMakeFiles/cmTryCompileExec3586874617.dir/CheckFunctionExists.c.o   -c /usr/share/cmake-2.8/Modules/CheckFunctionExists.c
Linking C executable cmTryCompileExec3586874617
/usr/bin/cmake -E cmake_link_script CMakeFiles/cmTryCompileExec3586874617.dir/link.txt --verbose=1
/usr/bin/cc   -DCHECK_FUNCTION_EXISTS=pthread_create    CMakeFiles/cmTryCompileExec3586874617.dir/CheckFunctionExists.c.o  -o cmTryCompileExec3586874617 -rdynamic -lpthreads 
/usr/bin/ld: cannot find -lpthreads
collect2: error: ld returned 1 exit status
make[1]: *** [cmTryCompileExec3586874617] Error 1
make[1]: Leaving directory `/home/ubuntu/ros_catkin_ws/build_isolated/message_filters/CMakeFiles/CMakeTmp'
make: *** [cmTryCompileExec3586874617/fast] Error 2


