Determining if the pthread_create exist failed with the following output:
Change Dir: /home/ubuntu/ros_catkin_ws/build_isolated/roscpp/CMakeFiles/CMakeTmp

Run Build Command:/usr/bin/make "cmTryCompileExec2343376883/fast"
/usr/bin/make -f CMakeFiles/cmTryCompileExec2343376883.dir/build.make CMakeFiles/cmTryCompileExec2343376883.dir/build
make[1]: Entering directory `/home/ubuntu/ros_catkin_ws/build_isolated/roscpp/CMakeFiles/CMakeTmp'
/usr/bin/cmake -E cmake_progress_report /home/ubuntu/ros_catkin_ws/build_isolated/roscpp/CMakeFiles/CMakeTmp/CMakeFiles 1
Building C object CMakeFiles/cmTryCompileExec2343376883.dir/CheckSymbolExists.c.o
/usr/bin/cc    -o CMakeFiles/cmTryCompileExec2343376883.dir/CheckSymbolExists.c.o   -c /home/ubuntu/ros_catkin_ws/build_isolated/roscpp/CMakeFiles/CMakeTmp/CheckSymbolExists.c
Linking C executable cmTryCompileExec2343376883
/usr/bin/cmake -E cmake_link_script CMakeFiles/cmTryCompileExec2343376883.dir/link.txt --verbose=1
/usr/bin/cc       CMakeFiles/cmTryCompileExec2343376883.dir/CheckSymbolExists.c.o  -o cmTryCompileExec2343376883 -rdynamic 
CMakeFiles/cmTryCompileExec2343376883.dir/CheckSymbolExists.c.o: In function `main':
CheckSymbolExists.c:(.text+0xe): undefined reference to `pthread_create'
CheckSymbolExists.c:(.text+0x12): undefined reference to `pthread_create'
collect2: error: ld returned 1 exit status
make[1]: Leaving directory `/home/ubuntu/ros_catkin_ws/build_isolated/roscpp/CMakeFiles/CMakeTmp'
make[1]: *** [cmTryCompileExec2343376883] Error 1
make: *** [cmTryCompileExec2343376883/fast] Error 2

File /home/ubuntu/ros_catkin_ws/build_isolated/roscpp/CMakeFiles/CMakeTmp/CheckSymbolExists.c:
/* */
#include <pthread.h>

int main(int argc, char** argv)
{
  (void)argv;
#ifndef pthread_create
  return ((int*)(&pthread_create))[argc];
#else
  (void)argc;
  return 0;
#endif
}

Determining if the function pthread_create exists in the pthreads failed with the following output:
Change Dir: /home/ubuntu/ros_catkin_ws/build_isolated/roscpp/CMakeFiles/CMakeTmp

Run Build Command:/usr/bin/make "cmTryCompileExec3618764518/fast"
/usr/bin/make -f CMakeFiles/cmTryCompileExec3618764518.dir/build.make CMakeFiles/cmTryCompileExec3618764518.dir/build
make[1]: Entering directory `/home/ubuntu/ros_catkin_ws/build_isolated/roscpp/CMakeFiles/CMakeTmp'
/usr/bin/cmake -E cmake_progress_report /home/ubuntu/ros_catkin_ws/build_isolated/roscpp/CMakeFiles/CMakeTmp/CMakeFiles 1
Building C object CMakeFiles/cmTryCompileExec3618764518.dir/CheckFunctionExists.c.o
/usr/bin/cc   -DCHECK_FUNCTION_EXISTS=pthread_create   -o CMakeFiles/cmTryCompileExec3618764518.dir/CheckFunctionExists.c.o   -c /usr/share/cmake-2.8/Modules/CheckFunctionExists.c
Linking C executable cmTryCompileExec3618764518
/usr/bin/cmake -E cmake_link_script CMakeFiles/cmTryCompileExec3618764518.dir/link.txt --verbose=1
/usr/bin/cc   -DCHECK_FUNCTION_EXISTS=pthread_create    CMakeFiles/cmTryCompileExec3618764518.dir/CheckFunctionExists.c.o  -o cmTryCompileExec3618764518 -rdynamic -lpthreads 
/usr/bin/ld: cannot find -lpthreads
collect2: error: ld returned 1 exit status
make[1]: Leaving directory `/home/ubuntu/ros_catkin_ws/build_isolated/roscpp/CMakeFiles/CMakeTmp'
make[1]: *** [cmTryCompileExec3618764518] Error 1
make: *** [cmTryCompileExec3618764518/fast] Error 2


Determining if the function trunc exists failed with the following output:
Change Dir: /home/ubuntu/ros_catkin_ws/build_isolated/roscpp/CMakeFiles/CMakeTmp

Run Build Command:/usr/bin/make "cmTryCompileExec174851089/fast"
/usr/bin/make -f CMakeFiles/cmTryCompileExec174851089.dir/build.make CMakeFiles/cmTryCompileExec174851089.dir/build
make[1]: Entering directory `/home/ubuntu/ros_catkin_ws/build_isolated/roscpp/CMakeFiles/CMakeTmp'
/usr/bin/cmake -E cmake_progress_report /home/ubuntu/ros_catkin_ws/build_isolated/roscpp/CMakeFiles/CMakeTmp/CMakeFiles 1
Building C object CMakeFiles/cmTryCompileExec174851089.dir/CheckFunctionExists.c.o
/usr/bin/cc   -DCHECK_FUNCTION_EXISTS=trunc   -o CMakeFiles/cmTryCompileExec174851089.dir/CheckFunctionExists.c.o   -c /usr/share/cmake-2.8/Modules/CheckFunctionExists.c
<command-line>:0:23: warning: conflicting types for built-in function ‘trunc’ [enabled by default]
/usr/share/cmake-2.8/Modules/CheckFunctionExists.c:3:6: note: in expansion of macro ‘CHECK_FUNCTION_EXISTS’
 char CHECK_FUNCTION_EXISTS();
      ^
Linking C executable cmTryCompileExec174851089
/usr/bin/cmake -E cmake_link_script CMakeFiles/cmTryCompileExec174851089.dir/link.txt --verbose=1
/usr/bin/cc   -DCHECK_FUNCTION_EXISTS=trunc    CMakeFiles/cmTryCompileExec174851089.dir/CheckFunctionExists.c.o  -o cmTryCompileExec174851089 -rdynamic 
CMakeFiles/cmTryCompileExec174851089.dir/CheckFunctionExists.c.o: In function `main':
CheckFunctionExists.c:(.text+0xa): undefined reference to `trunc'
collect2: error: ld returned 1 exit status
make[1]: Leaving directory `/home/ubuntu/ros_catkin_ws/build_isolated/roscpp/CMakeFiles/CMakeTmp'
make[1]: *** [cmTryCompileExec174851089] Error 1
make: *** [cmTryCompileExec174851089/fast] Error 2


