Determining if the pthread_create exist failed with the following output:
Change Dir: /home/ubuntu/ros_catkin_ws/build_isolated/rosnode/CMakeFiles/CMakeTmp

Run Build Command:/usr/bin/make "cmTryCompileExec1868292048/fast"
/usr/bin/make -f CMakeFiles/cmTryCompileExec1868292048.dir/build.make CMakeFiles/cmTryCompileExec1868292048.dir/build
make[1]: Entering directory `/home/ubuntu/ros_catkin_ws/build_isolated/rosnode/CMakeFiles/CMakeTmp'
/usr/bin/cmake -E cmake_progress_report /home/ubuntu/ros_catkin_ws/build_isolated/rosnode/CMakeFiles/CMakeTmp/CMakeFiles 1
Building C object CMakeFiles/cmTryCompileExec1868292048.dir/CheckSymbolExists.c.o
/usr/bin/cc    -o CMakeFiles/cmTryCompileExec1868292048.dir/CheckSymbolExists.c.o   -c /home/ubuntu/ros_catkin_ws/build_isolated/rosnode/CMakeFiles/CMakeTmp/CheckSymbolExists.c
Linking C executable cmTryCompileExec1868292048
/usr/bin/cmake -E cmake_link_script CMakeFiles/cmTryCompileExec1868292048.dir/link.txt --verbose=1
/usr/bin/cc       CMakeFiles/cmTryCompileExec1868292048.dir/CheckSymbolExists.c.o  -o cmTryCompileExec1868292048 -rdynamic 
CMakeFiles/cmTryCompileExec1868292048.dir/CheckSymbolExists.c.o: In function `main':
CheckSymbolExists.c:(.text+0xe): undefined reference to `pthread_create'
CheckSymbolExists.c:(.text+0x12): undefined reference to `pthread_create'
collect2: error: ld returned 1 exit status
make[1]: *** [cmTryCompileExec1868292048] Error 1
make[1]: Leaving directory `/home/ubuntu/ros_catkin_ws/build_isolated/rosnode/CMakeFiles/CMakeTmp'
make: *** [cmTryCompileExec1868292048/fast] Error 2

File /home/ubuntu/ros_catkin_ws/build_isolated/rosnode/CMakeFiles/CMakeTmp/CheckSymbolExists.c:
/* */
#include <pthread.h>

int main(int argc, char** argv)
{
  (void)argv;
#ifndef pthread_create
  return ((int*)(&pthread_create))[argc];
#else
  (void)argc;
  return 0;
#endif
}

Determining if the function pthread_create exists in the pthreads failed with the following output:
Change Dir: /home/ubuntu/ros_catkin_ws/build_isolated/rosnode/CMakeFiles/CMakeTmp

Run Build Command:/usr/bin/make "cmTryCompileExec3712560388/fast"
/usr/bin/make -f CMakeFiles/cmTryCompileExec3712560388.dir/build.make CMakeFiles/cmTryCompileExec3712560388.dir/build
make[1]: Entering directory `/home/ubuntu/ros_catkin_ws/build_isolated/rosnode/CMakeFiles/CMakeTmp'
/usr/bin/cmake -E cmake_progress_report /home/ubuntu/ros_catkin_ws/build_isolated/rosnode/CMakeFiles/CMakeTmp/CMakeFiles 1
Building C object CMakeFiles/cmTryCompileExec3712560388.dir/CheckFunctionExists.c.o
/usr/bin/cc   -DCHECK_FUNCTION_EXISTS=pthread_create   -o CMakeFiles/cmTryCompileExec3712560388.dir/CheckFunctionExists.c.o   -c /usr/share/cmake-2.8/Modules/CheckFunctionExists.c
Linking C executable cmTryCompileExec3712560388
/usr/bin/cmake -E cmake_link_script CMakeFiles/cmTryCompileExec3712560388.dir/link.txt --verbose=1
/usr/bin/cc   -DCHECK_FUNCTION_EXISTS=pthread_create    CMakeFiles/cmTryCompileExec3712560388.dir/CheckFunctionExists.c.o  -o cmTryCompileExec3712560388 -rdynamic -lpthreads 
/usr/bin/ld: cannot find -lpthreads
collect2: error: ld returned 1 exit status
make[1]: Leaving directory `/home/ubuntu/ros_catkin_ws/build_isolated/rosnode/CMakeFiles/CMakeTmp'
make[1]: *** [cmTryCompileExec3712560388] Error 1
make: *** [cmTryCompileExec3712560388/fast] Error 2


