Determining if the pthread_create exist failed with the following output:
Change Dir: /home/ubuntu/ros_catkin_ws/build_isolated/rosparam/CMakeFiles/CMakeTmp

Run Build Command:/usr/bin/make "cmTryCompileExec1398599298/fast"
/usr/bin/make -f CMakeFiles/cmTryCompileExec1398599298.dir/build.make CMakeFiles/cmTryCompileExec1398599298.dir/build
make[1]: Entering directory `/home/ubuntu/ros_catkin_ws/build_isolated/rosparam/CMakeFiles/CMakeTmp'
/usr/bin/cmake -E cmake_progress_report /home/ubuntu/ros_catkin_ws/build_isolated/rosparam/CMakeFiles/CMakeTmp/CMakeFiles 1
Building C object CMakeFiles/cmTryCompileExec1398599298.dir/CheckSymbolExists.c.o
/usr/bin/cc    -o CMakeFiles/cmTryCompileExec1398599298.dir/CheckSymbolExists.c.o   -c /home/ubuntu/ros_catkin_ws/build_isolated/rosparam/CMakeFiles/CMakeTmp/CheckSymbolExists.c
Linking C executable cmTryCompileExec1398599298
/usr/bin/cmake -E cmake_link_script CMakeFiles/cmTryCompileExec1398599298.dir/link.txt --verbose=1
/usr/bin/cc       CMakeFiles/cmTryCompileExec1398599298.dir/CheckSymbolExists.c.o  -o cmTryCompileExec1398599298 -rdynamic 
CMakeFiles/cmTryCompileExec1398599298.dir/CheckSymbolExists.c.o: In function `main':
CheckSymbolExists.c:(.text+0xe): undefined reference to `pthread_create'
CheckSymbolExists.c:(.text+0x12): undefined reference to `pthread_create'
collect2: error: ld returned 1 exit status
make[1]: Leaving directory `/home/ubuntu/ros_catkin_ws/build_isolated/rosparam/CMakeFiles/CMakeTmp'
make[1]: *** [cmTryCompileExec1398599298] Error 1
make: *** [cmTryCompileExec1398599298/fast] Error 2

File /home/ubuntu/ros_catkin_ws/build_isolated/rosparam/CMakeFiles/CMakeTmp/CheckSymbolExists.c:
/* */
#include <pthread.h>

int main(int argc, char** argv)
{
  (void)argv;
#ifndef pthread_create
  return ((int*)(&pthread_create))[argc];
#else
  (void)argc;
  return 0;
#endif
}

Determining if the function pthread_create exists in the pthreads failed with the following output:
Change Dir: /home/ubuntu/ros_catkin_ws/build_isolated/rosparam/CMakeFiles/CMakeTmp

Run Build Command:/usr/bin/make "cmTryCompileExec742768437/fast"
/usr/bin/make -f CMakeFiles/cmTryCompileExec742768437.dir/build.make CMakeFiles/cmTryCompileExec742768437.dir/build
make[1]: Entering directory `/home/ubuntu/ros_catkin_ws/build_isolated/rosparam/CMakeFiles/CMakeTmp'
/usr/bin/cmake -E cmake_progress_report /home/ubuntu/ros_catkin_ws/build_isolated/rosparam/CMakeFiles/CMakeTmp/CMakeFiles 1
Building C object CMakeFiles/cmTryCompileExec742768437.dir/CheckFunctionExists.c.o
/usr/bin/cc   -DCHECK_FUNCTION_EXISTS=pthread_create   -o CMakeFiles/cmTryCompileExec742768437.dir/CheckFunctionExists.c.o   -c /usr/share/cmake-2.8/Modules/CheckFunctionExists.c
Linking C executable cmTryCompileExec742768437
/usr/bin/cmake -E cmake_link_script CMakeFiles/cmTryCompileExec742768437.dir/link.txt --verbose=1
/usr/bin/cc   -DCHECK_FUNCTION_EXISTS=pthread_create    CMakeFiles/cmTryCompileExec742768437.dir/CheckFunctionExists.c.o  -o cmTryCompileExec742768437 -rdynamic -lpthreads 
/usr/bin/ld: cannot find -lpthreads
collect2: error: ld returned 1 exit status
make[1]: Leaving directory `/home/ubuntu/ros_catkin_ws/build_isolated/rosparam/CMakeFiles/CMakeTmp'
make[1]: *** [cmTryCompileExec742768437] Error 1
make: *** [cmTryCompileExec742768437/fast] Error 2


