Determining if the pthread_create exist failed with the following output:
Change Dir: /home/ubuntu/ros_catkin_ws/build_isolated/rostime/CMakeFiles/CMakeTmp

Run Build Command:/usr/bin/make "cmTryCompileExec652523328/fast"
/usr/bin/make -f CMakeFiles/cmTryCompileExec652523328.dir/build.make CMakeFiles/cmTryCompileExec652523328.dir/build
make[1]: Entering directory `/home/ubuntu/ros_catkin_ws/build_isolated/rostime/CMakeFiles/CMakeTmp'
/usr/bin/cmake -E cmake_progress_report /home/ubuntu/ros_catkin_ws/build_isolated/rostime/CMakeFiles/CMakeTmp/CMakeFiles 1
Building C object CMakeFiles/cmTryCompileExec652523328.dir/CheckSymbolExists.c.o
/usr/bin/cc    -o CMakeFiles/cmTryCompileExec652523328.dir/CheckSymbolExists.c.o   -c /home/ubuntu/ros_catkin_ws/build_isolated/rostime/CMakeFiles/CMakeTmp/CheckSymbolExists.c
Linking C executable cmTryCompileExec652523328
/usr/bin/cmake -E cmake_link_script CMakeFiles/cmTryCompileExec652523328.dir/link.txt --verbose=1
/usr/bin/cc       CMakeFiles/cmTryCompileExec652523328.dir/CheckSymbolExists.c.o  -o cmTryCompileExec652523328 -rdynamic 
CMakeFiles/cmTryCompileExec652523328.dir/CheckSymbolExists.c.o: In function `main':
CheckSymbolExists.c:(.text+0xe): undefined reference to `pthread_create'
CheckSymbolExists.c:(.text+0x12): undefined reference to `pthread_create'
collect2: error: ld returned 1 exit status
make[1]: *** [cmTryCompileExec652523328] Error 1
make[1]: Leaving directory `/home/ubuntu/ros_catkin_ws/build_isolated/rostime/CMakeFiles/CMakeTmp'
make: *** [cmTryCompileExec652523328/fast] Error 2

File /home/ubuntu/ros_catkin_ws/build_isolated/rostime/CMakeFiles/CMakeTmp/CheckSymbolExists.c:
/* */
#include <pthread.h>

int main(int argc, char** argv)
{
  (void)argv;
#ifndef pthread_create
  return ((int*)(&pthread_create))[argc];
#else
  (void)argc;
  return 0;
#endif
}

Determining if the function pthread_create exists in the pthreads failed with the following output:
Change Dir: /home/ubuntu/ros_catkin_ws/build_isolated/rostime/CMakeFiles/CMakeTmp

Run Build Command:/usr/bin/make "cmTryCompileExec2939919073/fast"
/usr/bin/make -f CMakeFiles/cmTryCompileExec2939919073.dir/build.make CMakeFiles/cmTryCompileExec2939919073.dir/build
make[1]: Entering directory `/home/ubuntu/ros_catkin_ws/build_isolated/rostime/CMakeFiles/CMakeTmp'
/usr/bin/cmake -E cmake_progress_report /home/ubuntu/ros_catkin_ws/build_isolated/rostime/CMakeFiles/CMakeTmp/CMakeFiles 1
Building C object CMakeFiles/cmTryCompileExec2939919073.dir/CheckFunctionExists.c.o
/usr/bin/cc   -DCHECK_FUNCTION_EXISTS=pthread_create   -o CMakeFiles/cmTryCompileExec2939919073.dir/CheckFunctionExists.c.o   -c /usr/share/cmake-2.8/Modules/CheckFunctionExists.c
Linking C executable cmTryCompileExec2939919073
/usr/bin/cmake -E cmake_link_script CMakeFiles/cmTryCompileExec2939919073.dir/link.txt --verbose=1
/usr/bin/cc   -DCHECK_FUNCTION_EXISTS=pthread_create    CMakeFiles/cmTryCompileExec2939919073.dir/CheckFunctionExists.c.o  -o cmTryCompileExec2939919073 -rdynamic -lpthreads 
/usr/bin/ld: cannot find -lpthreads
collect2: error: ld returned 1 exit status
make[1]: Leaving directory `/home/ubuntu/ros_catkin_ws/build_isolated/rostime/CMakeFiles/CMakeTmp'
make[1]: *** [cmTryCompileExec2939919073] Error 1
make: *** [cmTryCompileExec2939919073/fast] Error 2


