Determining if the pthread_create exist failed with the following output:
Change Dir: /home/ubuntu/ros_catkin_ws/build_isolated/rosclean/CMakeFiles/CMakeTmp

Run Build Command:/usr/bin/make "cmTryCompileExec2172693001/fast"
/usr/bin/make -f CMakeFiles/cmTryCompileExec2172693001.dir/build.make CMakeFiles/cmTryCompileExec2172693001.dir/build
make[1]: Entering directory `/home/ubuntu/ros_catkin_ws/build_isolated/rosclean/CMakeFiles/CMakeTmp'
/usr/bin/cmake -E cmake_progress_report /home/ubuntu/ros_catkin_ws/build_isolated/rosclean/CMakeFiles/CMakeTmp/CMakeFiles 1
Building C object CMakeFiles/cmTryCompileExec2172693001.dir/CheckSymbolExists.c.o
/usr/bin/cc    -o CMakeFiles/cmTryCompileExec2172693001.dir/CheckSymbolExists.c.o   -c /home/ubuntu/ros_catkin_ws/build_isolated/rosclean/CMakeFiles/CMakeTmp/CheckSymbolExists.c
Linking C executable cmTryCompileExec2172693001
/usr/bin/cmake -E cmake_link_script CMakeFiles/cmTryCompileExec2172693001.dir/link.txt --verbose=1
/usr/bin/cc       CMakeFiles/cmTryCompileExec2172693001.dir/CheckSymbolExists.c.o  -o cmTryCompileExec2172693001 -rdynamic 
CMakeFiles/cmTryCompileExec2172693001.dir/CheckSymbolExists.c.o: In function `main':
CheckSymbolExists.c:(.text+0xe): undefined reference to `pthread_create'
CheckSymbolExists.c:(.text+0x12): undefined reference to `pthread_create'
collect2: error: ld returned 1 exit status
make[1]: *** [cmTryCompileExec2172693001] Error 1
make[1]: Leaving directory `/home/ubuntu/ros_catkin_ws/build_isolated/rosclean/CMakeFiles/CMakeTmp'
make: *** [cmTryCompileExec2172693001/fast] Error 2

File /home/ubuntu/ros_catkin_ws/build_isolated/rosclean/CMakeFiles/CMakeTmp/CheckSymbolExists.c:
/* */
#include <pthread.h>

int main(int argc, char** argv)
{
  (void)argv;
#ifndef pthread_create
  return ((int*)(&pthread_create))[argc];
#else
  (void)argc;
  return 0;
#endif
}

Determining if the function pthread_create exists in the pthreads failed with the following output:
Change Dir: /home/ubuntu/ros_catkin_ws/build_isolated/rosclean/CMakeFiles/CMakeTmp

Run Build Command:/usr/bin/make "cmTryCompileExec1207908738/fast"
/usr/bin/make -f CMakeFiles/cmTryCompileExec1207908738.dir/build.make CMakeFiles/cmTryCompileExec1207908738.dir/build
make[1]: Entering directory `/home/ubuntu/ros_catkin_ws/build_isolated/rosclean/CMakeFiles/CMakeTmp'
/usr/bin/cmake -E cmake_progress_report /home/ubuntu/ros_catkin_ws/build_isolated/rosclean/CMakeFiles/CMakeTmp/CMakeFiles 1
Building C object CMakeFiles/cmTryCompileExec1207908738.dir/CheckFunctionExists.c.o
/usr/bin/cc   -DCHECK_FUNCTION_EXISTS=pthread_create   -o CMakeFiles/cmTryCompileExec1207908738.dir/CheckFunctionExists.c.o   -c /usr/share/cmake-2.8/Modules/CheckFunctionExists.c
Linking C executable cmTryCompileExec1207908738
/usr/bin/cmake -E cmake_link_script CMakeFiles/cmTryCompileExec1207908738.dir/link.txt --verbose=1
/usr/bin/cc   -DCHECK_FUNCTION_EXISTS=pthread_create    CMakeFiles/cmTryCompileExec1207908738.dir/CheckFunctionExists.c.o  -o cmTryCompileExec1207908738 -rdynamic -lpthreads 
/usr/bin/ld: cannot find -lpthreads
collect2: error: ld returned 1 exit status
make[1]: Leaving directory `/home/ubuntu/ros_catkin_ws/build_isolated/rosclean/CMakeFiles/CMakeTmp'
make[1]: *** [cmTryCompileExec1207908738] Error 1
make: *** [cmTryCompileExec1207908738/fast] Error 2


