Determining if the pthread_create exist failed with the following output:
Change Dir: /home/ubuntu/ros_catkin_ws/build_isolated/rosmsg/CMakeFiles/CMakeTmp

Run Build Command:/usr/bin/make "cmTryCompileExec337790467/fast"
/usr/bin/make -f CMakeFiles/cmTryCompileExec337790467.dir/build.make CMakeFiles/cmTryCompileExec337790467.dir/build
make[1]: Entering directory `/home/ubuntu/ros_catkin_ws/build_isolated/rosmsg/CMakeFiles/CMakeTmp'
/usr/bin/cmake -E cmake_progress_report /home/ubuntu/ros_catkin_ws/build_isolated/rosmsg/CMakeFiles/CMakeTmp/CMakeFiles 1
Building C object CMakeFiles/cmTryCompileExec337790467.dir/CheckSymbolExists.c.o
/usr/bin/cc    -o CMakeFiles/cmTryCompileExec337790467.dir/CheckSymbolExists.c.o   -c /home/ubuntu/ros_catkin_ws/build_isolated/rosmsg/CMakeFiles/CMakeTmp/CheckSymbolExists.c
Linking C executable cmTryCompileExec337790467
/usr/bin/cmake -E cmake_link_script CMakeFiles/cmTryCompileExec337790467.dir/link.txt --verbose=1
/usr/bin/cc       CMakeFiles/cmTryCompileExec337790467.dir/CheckSymbolExists.c.o  -o cmTryCompileExec337790467 -rdynamic 
CMakeFiles/cmTryCompileExec337790467.dir/CheckSymbolExists.c.o: In function `main':
CheckSymbolExists.c:(.text+0xe): undefined reference to `pthread_create'
CheckSymbolExists.c:(.text+0x12): undefined reference to `pthread_create'
collect2: error: ld returned 1 exit status
make[1]: Leaving directory `/home/ubuntu/ros_catkin_ws/build_isolated/rosmsg/CMakeFiles/CMakeTmp'
make[1]: *** [cmTryCompileExec337790467] Error 1
make: *** [cmTryCompileExec337790467/fast] Error 2

File /home/ubuntu/ros_catkin_ws/build_isolated/rosmsg/CMakeFiles/CMakeTmp/CheckSymbolExists.c:
/* */
#include <pthread.h>

int main(int argc, char** argv)
{
  (void)argv;
#ifndef pthread_create
  return ((int*)(&pthread_create))[argc];
#else
  (void)argc;
  return 0;
#endif
}

Determining if the function pthread_create exists in the pthreads failed with the following output:
Change Dir: /home/ubuntu/ros_catkin_ws/build_isolated/rosmsg/CMakeFiles/CMakeTmp

Run Build Command:/usr/bin/make "cmTryCompileExec739600702/fast"
/usr/bin/make -f CMakeFiles/cmTryCompileExec739600702.dir/build.make CMakeFiles/cmTryCompileExec739600702.dir/build
make[1]: Entering directory `/home/ubuntu/ros_catkin_ws/build_isolated/rosmsg/CMakeFiles/CMakeTmp'
/usr/bin/cmake -E cmake_progress_report /home/ubuntu/ros_catkin_ws/build_isolated/rosmsg/CMakeFiles/CMakeTmp/CMakeFiles 1
Building C object CMakeFiles/cmTryCompileExec739600702.dir/CheckFunctionExists.c.o
/usr/bin/cc   -DCHECK_FUNCTION_EXISTS=pthread_create   -o CMakeFiles/cmTryCompileExec739600702.dir/CheckFunctionExists.c.o   -c /usr/share/cmake-2.8/Modules/CheckFunctionExists.c
Linking C executable cmTryCompileExec739600702
/usr/bin/cmake -E cmake_link_script CMakeFiles/cmTryCompileExec739600702.dir/link.txt --verbose=1
/usr/bin/cc   -DCHECK_FUNCTION_EXISTS=pthread_create    CMakeFiles/cmTryCompileExec739600702.dir/CheckFunctionExists.c.o  -o cmTryCompileExec739600702 -rdynamic -lpthreads 
/usr/bin/ld: cannot find -lpthreads
collect2: error: ld returned 1 exit status
make[1]: Leaving directory `/home/ubuntu/ros_catkin_ws/build_isolated/rosmsg/CMakeFiles/CMakeTmp'
make[1]: *** [cmTryCompileExec739600702] Error 1
make: *** [cmTryCompileExec739600702/fast] Error 2


