Determining if the pthread_create exist failed with the following output:
Change Dir: /home/ubuntu/ros_catkin_ws/build_isolated/rosunit/CMakeFiles/CMakeTmp

Run Build Command:/usr/bin/make "cmTryCompileExec2333480799/fast"
/usr/bin/make -f CMakeFiles/cmTryCompileExec2333480799.dir/build.make CMakeFiles/cmTryCompileExec2333480799.dir/build
make[1]: Entering directory `/home/ubuntu/ros_catkin_ws/build_isolated/rosunit/CMakeFiles/CMakeTmp'
/usr/bin/cmake -E cmake_progress_report /home/ubuntu/ros_catkin_ws/build_isolated/rosunit/CMakeFiles/CMakeTmp/CMakeFiles 1
Building C object CMakeFiles/cmTryCompileExec2333480799.dir/CheckSymbolExists.c.o
/usr/bin/cc    -o CMakeFiles/cmTryCompileExec2333480799.dir/CheckSymbolExists.c.o   -c /home/ubuntu/ros_catkin_ws/build_isolated/rosunit/CMakeFiles/CMakeTmp/CheckSymbolExists.c
Linking C executable cmTryCompileExec2333480799
/usr/bin/cmake -E cmake_link_script CMakeFiles/cmTryCompileExec2333480799.dir/link.txt --verbose=1
/usr/bin/cc       CMakeFiles/cmTryCompileExec2333480799.dir/CheckSymbolExists.c.o  -o cmTryCompileExec2333480799 -rdynamic 
CMakeFiles/cmTryCompileExec2333480799.dir/CheckSymbolExists.c.o: In function `main':
CheckSymbolExists.c:(.text+0xe): undefined reference to `pthread_create'
CheckSymbolExists.c:(.text+0x12): undefined reference to `pthread_create'
collect2: error: ld returned 1 exit status
make[1]: Leaving directory `/home/ubuntu/ros_catkin_ws/build_isolated/rosunit/CMakeFiles/CMakeTmp'
make[1]: *** [cmTryCompileExec2333480799] Error 1
make: *** [cmTryCompileExec2333480799/fast] Error 2

File /home/ubuntu/ros_catkin_ws/build_isolated/rosunit/CMakeFiles/CMakeTmp/CheckSymbolExists.c:
/* */
#include <pthread.h>

int main(int argc, char** argv)
{
  (void)argv;
#ifndef pthread_create
  return ((int*)(&pthread_create))[argc];
#else
  (void)argc;
  return 0;
#endif
}

Determining if the function pthread_create exists in the pthreads failed with the following output:
Change Dir: /home/ubuntu/ros_catkin_ws/build_isolated/rosunit/CMakeFiles/CMakeTmp

Run Build Command:/usr/bin/make "cmTryCompileExec4247130272/fast"
/usr/bin/make -f CMakeFiles/cmTryCompileExec4247130272.dir/build.make CMakeFiles/cmTryCompileExec4247130272.dir/build
make[1]: Entering directory `/home/ubuntu/ros_catkin_ws/build_isolated/rosunit/CMakeFiles/CMakeTmp'
/usr/bin/cmake -E cmake_progress_report /home/ubuntu/ros_catkin_ws/build_isolated/rosunit/CMakeFiles/CMakeTmp/CMakeFiles 1
Building C object CMakeFiles/cmTryCompileExec4247130272.dir/CheckFunctionExists.c.o
/usr/bin/cc   -DCHECK_FUNCTION_EXISTS=pthread_create   -o CMakeFiles/cmTryCompileExec4247130272.dir/CheckFunctionExists.c.o   -c /usr/share/cmake-2.8/Modules/CheckFunctionExists.c
Linking C executable cmTryCompileExec4247130272
/usr/bin/cmake -E cmake_link_script CMakeFiles/cmTryCompileExec4247130272.dir/link.txt --verbose=1
/usr/bin/cc   -DCHECK_FUNCTION_EXISTS=pthread_create    CMakeFiles/cmTryCompileExec4247130272.dir/CheckFunctionExists.c.o  -o cmTryCompileExec4247130272 -rdynamic -lpthreads 
/usr/bin/ld: cannot find -lpthreads
collect2: error: ld returned 1 exit status
make[1]: Leaving directory `/home/ubuntu/ros_catkin_ws/build_isolated/rosunit/CMakeFiles/CMakeTmp'
make[1]: *** [cmTryCompileExec4247130272] Error 1
make: *** [cmTryCompileExec4247130272/fast] Error 2


