Determining if the pthread_create exist failed with the following output:
Change Dir: /home/ubuntu/ros_catkin_ws/build_isolated/rosout/CMakeFiles/CMakeTmp

Run Build Command:/usr/bin/make "cmTryCompileExec407396867/fast"
/usr/bin/make -f CMakeFiles/cmTryCompileExec407396867.dir/build.make CMakeFiles/cmTryCompileExec407396867.dir/build
make[1]: Entering directory `/home/ubuntu/ros_catkin_ws/build_isolated/rosout/CMakeFiles/CMakeTmp'
/usr/bin/cmake -E cmake_progress_report /home/ubuntu/ros_catkin_ws/build_isolated/rosout/CMakeFiles/CMakeTmp/CMakeFiles 1
Building C object CMakeFiles/cmTryCompileExec407396867.dir/CheckSymbolExists.c.o
/usr/bin/cc    -o CMakeFiles/cmTryCompileExec407396867.dir/CheckSymbolExists.c.o   -c /home/ubuntu/ros_catkin_ws/build_isolated/rosout/CMakeFiles/CMakeTmp/CheckSymbolExists.c
Linking C executable cmTryCompileExec407396867
/usr/bin/cmake -E cmake_link_script CMakeFiles/cmTryCompileExec407396867.dir/link.txt --verbose=1
/usr/bin/cc       CMakeFiles/cmTryCompileExec407396867.dir/CheckSymbolExists.c.o  -o cmTryCompileExec407396867 -rdynamic 
CMakeFiles/cmTryCompileExec407396867.dir/CheckSymbolExists.c.o: In function `main':
CheckSymbolExists.c:(.text+0xe): undefined reference to `pthread_create'
CheckSymbolExists.c:(.text+0x12): undefined reference to `pthread_create'
collect2: error: ld returned 1 exit status
make[1]: Leaving directory `/home/ubuntu/ros_catkin_ws/build_isolated/rosout/CMakeFiles/CMakeTmp'
make[1]: *** [cmTryCompileExec407396867] Error 1
make: *** [cmTryCompileExec407396867/fast] Error 2

File /home/ubuntu/ros_catkin_ws/build_isolated/rosout/CMakeFiles/CMakeTmp/CheckSymbolExists.c:
/* */
#include <pthread.h>

int main(int argc, char** argv)
{
  (void)argv;
#ifndef pthread_create
  return ((int*)(&pthread_create))[argc];
#else
  (void)argc;
  return 0;
#endif
}

Determining if the function pthread_create exists in the pthreads failed with the following output:
Change Dir: /home/ubuntu/ros_catkin_ws/build_isolated/rosout/CMakeFiles/CMakeTmp

Run Build Command:/usr/bin/make "cmTryCompileExec3579867642/fast"
/usr/bin/make -f CMakeFiles/cmTryCompileExec3579867642.dir/build.make CMakeFiles/cmTryCompileExec3579867642.dir/build
make[1]: Entering directory `/home/ubuntu/ros_catkin_ws/build_isolated/rosout/CMakeFiles/CMakeTmp'
/usr/bin/cmake -E cmake_progress_report /home/ubuntu/ros_catkin_ws/build_isolated/rosout/CMakeFiles/CMakeTmp/CMakeFiles 1
Building C object CMakeFiles/cmTryCompileExec3579867642.dir/CheckFunctionExists.c.o
/usr/bin/cc   -DCHECK_FUNCTION_EXISTS=pthread_create   -o CMakeFiles/cmTryCompileExec3579867642.dir/CheckFunctionExists.c.o   -c /usr/share/cmake-2.8/Modules/CheckFunctionExists.c
Linking C executable cmTryCompileExec3579867642
/usr/bin/cmake -E cmake_link_script CMakeFiles/cmTryCompileExec3579867642.dir/link.txt --verbose=1
/usr/bin/cc   -DCHECK_FUNCTION_EXISTS=pthread_create    CMakeFiles/cmTryCompileExec3579867642.dir/CheckFunctionExists.c.o  -o cmTryCompileExec3579867642 -rdynamic -lpthreads 
/usr/bin/ld: cannot find -lpthreads
collect2: error: ld returned 1 exit status
make[1]: Leaving directory `/home/ubuntu/ros_catkin_ws/build_isolated/rosout/CMakeFiles/CMakeTmp'
make[1]: *** [cmTryCompileExec3579867642] Error 1
make: *** [cmTryCompileExec3579867642/fast] Error 2


