Determining if the pthread_create exist failed with the following output:
Change Dir: /home/ubuntu/ros_catkin_ws/build_isolated/cpp_common/CMakeFiles/CMakeTmp

Run Build Command:/usr/bin/make "cmTryCompileExec3708339395/fast"
/usr/bin/make -f CMakeFiles/cmTryCompileExec3708339395.dir/build.make CMakeFiles/cmTryCompileExec3708339395.dir/build
make[1]: Entering directory `/home/ubuntu/ros_catkin_ws/build_isolated/cpp_common/CMakeFiles/CMakeTmp'
/usr/bin/cmake -E cmake_progress_report /home/ubuntu/ros_catkin_ws/build_isolated/cpp_common/CMakeFiles/CMakeTmp/CMakeFiles 1
Building C object CMakeFiles/cmTryCompileExec3708339395.dir/CheckSymbolExists.c.o
/usr/bin/cc    -o CMakeFiles/cmTryCompileExec3708339395.dir/CheckSymbolExists.c.o   -c /home/ubuntu/ros_catkin_ws/build_isolated/cpp_common/CMakeFiles/CMakeTmp/CheckSymbolExists.c
Linking C executable cmTryCompileExec3708339395
/usr/bin/cmake -E cmake_link_script CMakeFiles/cmTryCompileExec3708339395.dir/link.txt --verbose=1
/usr/bin/cc       CMakeFiles/cmTryCompileExec3708339395.dir/CheckSymbolExists.c.o  -o cmTryCompileExec3708339395 -rdynamic 
CMakeFiles/cmTryCompileExec3708339395.dir/CheckSymbolExists.c.o: In function `main':
CheckSymbolExists.c:(.text+0xe): undefined reference to `pthread_create'
CheckSymbolExists.c:(.text+0x12): undefined reference to `pthread_create'
collect2: error: ld returned 1 exit status
make[1]: Leaving directory `/home/ubuntu/ros_catkin_ws/build_isolated/cpp_common/CMakeFiles/CMakeTmp'
make[1]: *** [cmTryCompileExec3708339395] Error 1
make: *** [cmTryCompileExec3708339395/fast] Error 2

File /home/ubuntu/ros_catkin_ws/build_isolated/cpp_common/CMakeFiles/CMakeTmp/CheckSymbolExists.c:
/* */
#include <pthread.h>

int main(int argc, char** argv)
{
  (void)argv;
#ifndef pthread_create
  return ((int*)(&pthread_create))[argc];
#else
  (void)argc;
  return 0;
#endif
}

Determining if the function pthread_create exists in the pthreads failed with the following output:
Change Dir: /home/ubuntu/ros_catkin_ws/build_isolated/cpp_common/CMakeFiles/CMakeTmp

Run Build Command:/usr/bin/make "cmTryCompileExec3032762925/fast"
/usr/bin/make -f CMakeFiles/cmTryCompileExec3032762925.dir/build.make CMakeFiles/cmTryCompileExec3032762925.dir/build
make[1]: Entering directory `/home/ubuntu/ros_catkin_ws/build_isolated/cpp_common/CMakeFiles/CMakeTmp'
/usr/bin/cmake -E cmake_progress_report /home/ubuntu/ros_catkin_ws/build_isolated/cpp_common/CMakeFiles/CMakeTmp/CMakeFiles 1
Building C object CMakeFiles/cmTryCompileExec3032762925.dir/CheckFunctionExists.c.o
/usr/bin/cc   -DCHECK_FUNCTION_EXISTS=pthread_create   -o CMakeFiles/cmTryCompileExec3032762925.dir/CheckFunctionExists.c.o   -c /usr/share/cmake-2.8/Modules/CheckFunctionExists.c
Linking C executable cmTryCompileExec3032762925
/usr/bin/cmake -E cmake_link_script CMakeFiles/cmTryCompileExec3032762925.dir/link.txt --verbose=1
/usr/bin/cc   -DCHECK_FUNCTION_EXISTS=pthread_create    CMakeFiles/cmTryCompileExec3032762925.dir/CheckFunctionExists.c.o  -o cmTryCompileExec3032762925 -rdynamic -lpthreads 
/usr/bin/ld: cannot find -lpthreads
collect2: error: ld returned 1 exit status
make[1]: Leaving directory `/home/ubuntu/ros_catkin_ws/build_isolated/cpp_common/CMakeFiles/CMakeTmp'
make[1]: *** [cmTryCompileExec3032762925] Error 1
make: *** [cmTryCompileExec3032762925/fast] Error 2


Performing C++ SOURCE FILE Test HAVE_CXXABI_H failed with the following output:
Change Dir: /home/ubuntu/ros_catkin_ws/build_isolated/cpp_common/CMakeFiles/CMakeTmp

Run Build Command:/usr/bin/make "cmTryCompileExec2982108900/fast"
/usr/bin/make -f CMakeFiles/cmTryCompileExec2982108900.dir/build.make CMakeFiles/cmTryCompileExec2982108900.dir/build
make[1]: Entering directory `/home/ubuntu/ros_catkin_ws/build_isolated/cpp_common/CMakeFiles/CMakeTmp'
/usr/bin/cmake -E cmake_progress_report /home/ubuntu/ros_catkin_ws/build_isolated/cpp_common/CMakeFiles/CMakeTmp/CMakeFiles 1
Building CXX object CMakeFiles/cmTryCompileExec2982108900.dir/src.cxx.o
/usr/bin/c++    -DHAVE_CXXABI_H   -o CMakeFiles/cmTryCompileExec2982108900.dir/src.cxx.o -c /home/ubuntu/ros_catkin_ws/build_isolated/cpp_common/CMakeFiles/CMakeTmp/src.cxx
/home/ubuntu/ros_catkin_ws/build_isolated/cpp_common/CMakeFiles/CMakeTmp/src.cxx:2:8: error: expected constructor, destructor, or type conversion before ‘(’ token
 intmain(intargc,char**argv){}
        ^
make[1]: Leaving directory `/home/ubuntu/ros_catkin_ws/build_isolated/cpp_common/CMakeFiles/CMakeTmp'
make[1]: *** [CMakeFiles/cmTryCompileExec2982108900.dir/src.cxx.o] Error 1
make: *** [cmTryCompileExec2982108900/fast] Error 2

Source file was:
#include<cxxabi.h>
intmain(intargc,char**argv){}
