Determining if the pthread_create exist failed with the following output:
Change Dir: /home/ubuntu/ros_catkin_ws/build_isolated/rosbag_storage/CMakeFiles/CMakeTmp

Run Build Command:/usr/bin/make "cmTryCompileExec670466255/fast"
/usr/bin/make -f CMakeFiles/cmTryCompileExec670466255.dir/build.make CMakeFiles/cmTryCompileExec670466255.dir/build
make[1]: Entering directory `/home/ubuntu/ros_catkin_ws/build_isolated/rosbag_storage/CMakeFiles/CMakeTmp'
/usr/bin/cmake -E cmake_progress_report /home/ubuntu/ros_catkin_ws/build_isolated/rosbag_storage/CMakeFiles/CMakeTmp/CMakeFiles 1
Building C object CMakeFiles/cmTryCompileExec670466255.dir/CheckSymbolExists.c.o
/usr/bin/cc    -o CMakeFiles/cmTryCompileExec670466255.dir/CheckSymbolExists.c.o   -c /home/ubuntu/ros_catkin_ws/build_isolated/rosbag_storage/CMakeFiles/CMakeTmp/CheckSymbolExists.c
Linking C executable cmTryCompileExec670466255
/usr/bin/cmake -E cmake_link_script CMakeFiles/cmTryCompileExec670466255.dir/link.txt --verbose=1
/usr/bin/cc       CMakeFiles/cmTryCompileExec670466255.dir/CheckSymbolExists.c.o  -o cmTryCompileExec670466255 -rdynamic 
CMakeFiles/cmTryCompileExec670466255.dir/CheckSymbolExists.c.o: In function `main':
CheckSymbolExists.c:(.text+0xe): undefined reference to `pthread_create'
CheckSymbolExists.c:(.text+0x12): undefined reference to `pthread_create'
collect2: error: ld returned 1 exit status
make[1]: Leaving directory `/home/ubuntu/ros_catkin_ws/build_isolated/rosbag_storage/CMakeFiles/CMakeTmp'
make[1]: *** [cmTryCompileExec670466255] Error 1
make: *** [cmTryCompileExec670466255/fast] Error 2

File /home/ubuntu/ros_catkin_ws/build_isolated/rosbag_storage/CMakeFiles/CMakeTmp/CheckSymbolExists.c:
/* */
#include <pthread.h>

int main(int argc, char** argv)
{
  (void)argv;
#ifndef pthread_create
  return ((int*)(&pthread_create))[argc];
#else
  (void)argc;
  return 0;
#endif
}

Determining if the function pthread_create exists in the pthreads failed with the following output:
Change Dir: /home/ubuntu/ros_catkin_ws/build_isolated/rosbag_storage/CMakeFiles/CMakeTmp

Run Build Command:/usr/bin/make "cmTryCompileExec182166329/fast"
/usr/bin/make -f CMakeFiles/cmTryCompileExec182166329.dir/build.make CMakeFiles/cmTryCompileExec182166329.dir/build
make[1]: Entering directory `/home/ubuntu/ros_catkin_ws/build_isolated/rosbag_storage/CMakeFiles/CMakeTmp'
/usr/bin/cmake -E cmake_progress_report /home/ubuntu/ros_catkin_ws/build_isolated/rosbag_storage/CMakeFiles/CMakeTmp/CMakeFiles 1
Building C object CMakeFiles/cmTryCompileExec182166329.dir/CheckFunctionExists.c.o
/usr/bin/cc   -DCHECK_FUNCTION_EXISTS=pthread_create   -o CMakeFiles/cmTryCompileExec182166329.dir/CheckFunctionExists.c.o   -c /usr/share/cmake-2.8/Modules/CheckFunctionExists.c
Linking C executable cmTryCompileExec182166329
/usr/bin/cmake -E cmake_link_script CMakeFiles/cmTryCompileExec182166329.dir/link.txt --verbose=1
/usr/bin/cc   -DCHECK_FUNCTION_EXISTS=pthread_create    CMakeFiles/cmTryCompileExec182166329.dir/CheckFunctionExists.c.o  -o cmTryCompileExec182166329 -rdynamic -lpthreads 
/usr/bin/ld: cannot find -lpthreads
collect2: error: ld returned 1 exit status
make[1]: Leaving directory `/home/ubuntu/ros_catkin_ws/build_isolated/rosbag_storage/CMakeFiles/CMakeTmp'
make[1]: *** [cmTryCompileExec182166329] Error 1
make: *** [cmTryCompileExec182166329/fast] Error 2


