Determining if the pthread_create exist failed with the following output:
Change Dir: /home/ubuntu/ros_catkin_ws/build_isolated/rosservice/CMakeFiles/CMakeTmp

Run Build Command:/usr/bin/make "cmTryCompileExec898568254/fast"
/usr/bin/make -f CMakeFiles/cmTryCompileExec898568254.dir/build.make CMakeFiles/cmTryCompileExec898568254.dir/build
make[1]: Entering directory `/home/ubuntu/ros_catkin_ws/build_isolated/rosservice/CMakeFiles/CMakeTmp'
/usr/bin/cmake -E cmake_progress_report /home/ubuntu/ros_catkin_ws/build_isolated/rosservice/CMakeFiles/CMakeTmp/CMakeFiles 1
Building C object CMakeFiles/cmTryCompileExec898568254.dir/CheckSymbolExists.c.o
/usr/bin/cc    -o CMakeFiles/cmTryCompileExec898568254.dir/CheckSymbolExists.c.o   -c /home/ubuntu/ros_catkin_ws/build_isolated/rosservice/CMakeFiles/CMakeTmp/CheckSymbolExists.c
Linking C executable cmTryCompileExec898568254
/usr/bin/cmake -E cmake_link_script CMakeFiles/cmTryCompileExec898568254.dir/link.txt --verbose=1
/usr/bin/cc       CMakeFiles/cmTryCompileExec898568254.dir/CheckSymbolExists.c.o  -o cmTryCompileExec898568254 -rdynamic 
CMakeFiles/cmTryCompileExec898568254.dir/CheckSymbolExists.c.o: In function `main':
CheckSymbolExists.c:(.text+0xe): undefined reference to `pthread_create'
CheckSymbolExists.c:(.text+0x12): undefined reference to `pthread_create'
collect2: error: ld returned 1 exit status
make[1]: Leaving directory `/home/ubuntu/ros_catkin_ws/build_isolated/rosservice/CMakeFiles/CMakeTmp'
make[1]: *** [cmTryCompileExec898568254] Error 1
make: *** [cmTryCompileExec898568254/fast] Error 2

File /home/ubuntu/ros_catkin_ws/build_isolated/rosservice/CMakeFiles/CMakeTmp/CheckSymbolExists.c:
/* */
#include <pthread.h>

int main(int argc, char** argv)
{
  (void)argv;
#ifndef pthread_create
  return ((int*)(&pthread_create))[argc];
#else
  (void)argc;
  return 0;
#endif
}

Determining if the function pthread_create exists in the pthreads failed with the following output:
Change Dir: /home/ubuntu/ros_catkin_ws/build_isolated/rosservice/CMakeFiles/CMakeTmp

Run Build Command:/usr/bin/make "cmTryCompileExec1900550825/fast"
/usr/bin/make -f CMakeFiles/cmTryCompileExec1900550825.dir/build.make CMakeFiles/cmTryCompileExec1900550825.dir/build
make[1]: Entering directory `/home/ubuntu/ros_catkin_ws/build_isolated/rosservice/CMakeFiles/CMakeTmp'
/usr/bin/cmake -E cmake_progress_report /home/ubuntu/ros_catkin_ws/build_isolated/rosservice/CMakeFiles/CMakeTmp/CMakeFiles 1
Building C object CMakeFiles/cmTryCompileExec1900550825.dir/CheckFunctionExists.c.o
/usr/bin/cc   -DCHECK_FUNCTION_EXISTS=pthread_create   -o CMakeFiles/cmTryCompileExec1900550825.dir/CheckFunctionExists.c.o   -c /usr/share/cmake-2.8/Modules/CheckFunctionExists.c
Linking C executable cmTryCompileExec1900550825
/usr/bin/cmake -E cmake_link_script CMakeFiles/cmTryCompileExec1900550825.dir/link.txt --verbose=1
/usr/bin/cc   -DCHECK_FUNCTION_EXISTS=pthread_create    CMakeFiles/cmTryCompileExec1900550825.dir/CheckFunctionExists.c.o  -o cmTryCompileExec1900550825 -rdynamic -lpthreads 
/usr/bin/ld: cannot find -lpthreads
collect2: error: ld returned 1 exit status
make[1]: Leaving directory `/home/ubuntu/ros_catkin_ws/build_isolated/rosservice/CMakeFiles/CMakeTmp'
make[1]: *** [cmTryCompileExec1900550825] Error 1
make: *** [cmTryCompileExec1900550825/fast] Error 2


