Determining if the pthread_create exist failed with the following output:
Change Dir: /home/ubuntu/ros_catkin_ws/build_isolated/roslz4/CMakeFiles/CMakeTmp

Run Build Command:/usr/bin/make "cmTryCompileExec890956368/fast"
/usr/bin/make -f CMakeFiles/cmTryCompileExec890956368.dir/build.make CMakeFiles/cmTryCompileExec890956368.dir/build
make[1]: Entering directory `/home/ubuntu/ros_catkin_ws/build_isolated/roslz4/CMakeFiles/CMakeTmp'
/usr/bin/cmake -E cmake_progress_report /home/ubuntu/ros_catkin_ws/build_isolated/roslz4/CMakeFiles/CMakeTmp/CMakeFiles 1
Building C object CMakeFiles/cmTryCompileExec890956368.dir/CheckSymbolExists.c.o
/usr/bin/cc    -o CMakeFiles/cmTryCompileExec890956368.dir/CheckSymbolExists.c.o   -c /home/ubuntu/ros_catkin_ws/build_isolated/roslz4/CMakeFiles/CMakeTmp/CheckSymbolExists.c
Linking C executable cmTryCompileExec890956368
/usr/bin/cmake -E cmake_link_script CMakeFiles/cmTryCompileExec890956368.dir/link.txt --verbose=1
/usr/bin/cc       CMakeFiles/cmTryCompileExec890956368.dir/CheckSymbolExists.c.o  -o cmTryCompileExec890956368 -rdynamic 
CMakeFiles/cmTryCompileExec890956368.dir/CheckSymbolExists.c.o: In function `main':
CheckSymbolExists.c:(.text+0xe): undefined reference to `pthread_create'
CheckSymbolExists.c:(.text+0x12): undefined reference to `pthread_create'
collect2: error: ld returned 1 exit status
make[1]: Leaving directory `/home/ubuntu/ros_catkin_ws/build_isolated/roslz4/CMakeFiles/CMakeTmp'
make[1]: *** [cmTryCompileExec890956368] Error 1
make: *** [cmTryCompileExec890956368/fast] Error 2

File /home/ubuntu/ros_catkin_ws/build_isolated/roslz4/CMakeFiles/CMakeTmp/CheckSymbolExists.c:
/* */
#include <pthread.h>

int main(int argc, char** argv)
{
  (void)argv;
#ifndef pthread_create
  return ((int*)(&pthread_create))[argc];
#else
  (void)argc;
  return 0;
#endif
}

Determining if the function pthread_create exists in the pthreads failed with the following output:
Change Dir: /home/ubuntu/ros_catkin_ws/build_isolated/roslz4/CMakeFiles/CMakeTmp

Run Build Command:/usr/bin/make "cmTryCompileExec2592761246/fast"
/usr/bin/make -f CMakeFiles/cmTryCompileExec2592761246.dir/build.make CMakeFiles/cmTryCompileExec2592761246.dir/build
make[1]: Entering directory `/home/ubuntu/ros_catkin_ws/build_isolated/roslz4/CMakeFiles/CMakeTmp'
/usr/bin/cmake -E cmake_progress_report /home/ubuntu/ros_catkin_ws/build_isolated/roslz4/CMakeFiles/CMakeTmp/CMakeFiles 1
Building C object CMakeFiles/cmTryCompileExec2592761246.dir/CheckFunctionExists.c.o
/usr/bin/cc   -DCHECK_FUNCTION_EXISTS=pthread_create   -o CMakeFiles/cmTryCompileExec2592761246.dir/CheckFunctionExists.c.o   -c /usr/share/cmake-2.8/Modules/CheckFunctionExists.c
Linking C executable cmTryCompileExec2592761246
/usr/bin/cmake -E cmake_link_script CMakeFiles/cmTryCompileExec2592761246.dir/link.txt --verbose=1
/usr/bin/cc   -DCHECK_FUNCTION_EXISTS=pthread_create    CMakeFiles/cmTryCompileExec2592761246.dir/CheckFunctionExists.c.o  -o cmTryCompileExec2592761246 -rdynamic -lpthreads 
/usr/bin/ld: cannot find -lpthreads
collect2: error: ld returned 1 exit status
make[1]: Leaving directory `/home/ubuntu/ros_catkin_ws/build_isolated/roslz4/CMakeFiles/CMakeTmp'
make[1]: *** [cmTryCompileExec2592761246] Error 1
make: *** [cmTryCompileExec2592761246/fast] Error 2


