Determining if the pthread_create exist failed with the following output:
Change Dir: /home/ubuntu/ros_catkin_ws/build_isolated/message_runtime/CMakeFiles/CMakeTmp

Run Build Command:/usr/bin/make "cmTryCompileExec3447403874/fast"
/usr/bin/make -f CMakeFiles/cmTryCompileExec3447403874.dir/build.make CMakeFiles/cmTryCompileExec3447403874.dir/build
make[1]: Entering directory `/home/ubuntu/ros_catkin_ws/build_isolated/message_runtime/CMakeFiles/CMakeTmp'
/usr/bin/cmake -E cmake_progress_report /home/ubuntu/ros_catkin_ws/build_isolated/message_runtime/CMakeFiles/CMakeTmp/CMakeFiles 1
Building C object CMakeFiles/cmTryCompileExec3447403874.dir/CheckSymbolExists.c.o
/usr/bin/cc    -o CMakeFiles/cmTryCompileExec3447403874.dir/CheckSymbolExists.c.o   -c /home/ubuntu/ros_catkin_ws/build_isolated/message_runtime/CMakeFiles/CMakeTmp/CheckSymbolExists.c
Linking C executable cmTryCompileExec3447403874
/usr/bin/cmake -E cmake_link_script CMakeFiles/cmTryCompileExec3447403874.dir/link.txt --verbose=1
/usr/bin/cc       CMakeFiles/cmTryCompileExec3447403874.dir/CheckSymbolExists.c.o  -o cmTryCompileExec3447403874 -rdynamic 
CMakeFiles/cmTryCompileExec3447403874.dir/CheckSymbolExists.c.o: In function `main':
CheckSymbolExists.c:(.text+0xe): undefined reference to `pthread_create'
CheckSymbolExists.c:(.text+0x12): undefined reference to `pthread_create'
collect2: error: ld returned 1 exit status
make[1]: Leaving directory `/home/ubuntu/ros_catkin_ws/build_isolated/message_runtime/CMakeFiles/CMakeTmp'
make[1]: *** [cmTryCompileExec3447403874] Error 1
make: *** [cmTryCompileExec3447403874/fast] Error 2

File /home/ubuntu/ros_catkin_ws/build_isolated/message_runtime/CMakeFiles/CMakeTmp/CheckSymbolExists.c:
/* */
#include <pthread.h>

int main(int argc, char** argv)
{
  (void)argv;
#ifndef pthread_create
  return ((int*)(&pthread_create))[argc];
#else
  (void)argc;
  return 0;
#endif
}

Determining if the function pthread_create exists in the pthreads failed with the following output:
Change Dir: /home/ubuntu/ros_catkin_ws/build_isolated/message_runtime/CMakeFiles/CMakeTmp

Run Build Command:/usr/bin/make "cmTryCompileExec945762437/fast"
/usr/bin/make -f CMakeFiles/cmTryCompileExec945762437.dir/build.make CMakeFiles/cmTryCompileExec945762437.dir/build
make[1]: Entering directory `/home/ubuntu/ros_catkin_ws/build_isolated/message_runtime/CMakeFiles/CMakeTmp'
/usr/bin/cmake -E cmake_progress_report /home/ubuntu/ros_catkin_ws/build_isolated/message_runtime/CMakeFiles/CMakeTmp/CMakeFiles 1
Building C object CMakeFiles/cmTryCompileExec945762437.dir/CheckFunctionExists.c.o
/usr/bin/cc   -DCHECK_FUNCTION_EXISTS=pthread_create   -o CMakeFiles/cmTryCompileExec945762437.dir/CheckFunctionExists.c.o   -c /usr/share/cmake-2.8/Modules/CheckFunctionExists.c
Linking C executable cmTryCompileExec945762437
/usr/bin/cmake -E cmake_link_script CMakeFiles/cmTryCompileExec945762437.dir/link.txt --verbose=1
/usr/bin/cc   -DCHECK_FUNCTION_EXISTS=pthread_create    CMakeFiles/cmTryCompileExec945762437.dir/CheckFunctionExists.c.o  -o cmTryCompileExec945762437 -rdynamic -lpthreads 
/usr/bin/ld: cannot find -lpthreads
collect2: error: ld returned 1 exit status
make[1]: Leaving directory `/home/ubuntu/ros_catkin_ws/build_isolated/message_runtime/CMakeFiles/CMakeTmp'
make[1]: *** [cmTryCompileExec945762437] Error 1
make: *** [cmTryCompileExec945762437/fast] Error 2


