Determining if the pthread_create exist failed with the following output:
Change Dir: /home/ubuntu/ros_catkin_ws/build_isolated/ros_comm/CMakeFiles/CMakeTmp

Run Build Command:/usr/bin/make "cmTryCompileExec1566302673/fast"
/usr/bin/make -f CMakeFiles/cmTryCompileExec1566302673.dir/build.make CMakeFiles/cmTryCompileExec1566302673.dir/build
make[1]: Entering directory `/home/ubuntu/ros_catkin_ws/build_isolated/ros_comm/CMakeFiles/CMakeTmp'
/usr/bin/cmake -E cmake_progress_report /home/ubuntu/ros_catkin_ws/build_isolated/ros_comm/CMakeFiles/CMakeTmp/CMakeFiles 1
Building C object CMakeFiles/cmTryCompileExec1566302673.dir/CheckSymbolExists.c.o
/usr/bin/cc    -o CMakeFiles/cmTryCompileExec1566302673.dir/CheckSymbolExists.c.o   -c /home/ubuntu/ros_catkin_ws/build_isolated/ros_comm/CMakeFiles/CMakeTmp/CheckSymbolExists.c
Linking C executable cmTryCompileExec1566302673
/usr/bin/cmake -E cmake_link_script CMakeFiles/cmTryCompileExec1566302673.dir/link.txt --verbose=1
/usr/bin/cc       CMakeFiles/cmTryCompileExec1566302673.dir/CheckSymbolExists.c.o  -o cmTryCompileExec1566302673 -rdynamic 
CMakeFiles/cmTryCompileExec1566302673.dir/CheckSymbolExists.c.o: In function `main':
CheckSymbolExists.c:(.text+0xe): undefined reference to `pthread_create'
CheckSymbolExists.c:(.text+0x12): undefined reference to `pthread_create'
collect2: error: ld returned 1 exit status
make[1]: Leaving directory `/home/ubuntu/ros_catkin_ws/build_isolated/ros_comm/CMakeFiles/CMakeTmp'
make[1]: *** [cmTryCompileExec1566302673] Error 1
make: *** [cmTryCompileExec1566302673/fast] Error 2

File /home/ubuntu/ros_catkin_ws/build_isolated/ros_comm/CMakeFiles/CMakeTmp/CheckSymbolExists.c:
/* */
#include <pthread.h>

int main(int argc, char** argv)
{
  (void)argv;
#ifndef pthread_create
  return ((int*)(&pthread_create))[argc];
#else
  (void)argc;
  return 0;
#endif
}

Determining if the function pthread_create exists in the pthreads failed with the following output:
Change Dir: /home/ubuntu/ros_catkin_ws/build_isolated/ros_comm/CMakeFiles/CMakeTmp

Run Build Command:/usr/bin/make "cmTryCompileExec2852251537/fast"
/usr/bin/make -f CMakeFiles/cmTryCompileExec2852251537.dir/build.make CMakeFiles/cmTryCompileExec2852251537.dir/build
make[1]: Entering directory `/home/ubuntu/ros_catkin_ws/build_isolated/ros_comm/CMakeFiles/CMakeTmp'
/usr/bin/cmake -E cmake_progress_report /home/ubuntu/ros_catkin_ws/build_isolated/ros_comm/CMakeFiles/CMakeTmp/CMakeFiles 1
Building C object CMakeFiles/cmTryCompileExec2852251537.dir/CheckFunctionExists.c.o
/usr/bin/cc   -DCHECK_FUNCTION_EXISTS=pthread_create   -o CMakeFiles/cmTryCompileExec2852251537.dir/CheckFunctionExists.c.o   -c /usr/share/cmake-2.8/Modules/CheckFunctionExists.c
Linking C executable cmTryCompileExec2852251537
/usr/bin/cmake -E cmake_link_script CMakeFiles/cmTryCompileExec2852251537.dir/link.txt --verbose=1
/usr/bin/cc   -DCHECK_FUNCTION_EXISTS=pthread_create    CMakeFiles/cmTryCompileExec2852251537.dir/CheckFunctionExists.c.o  -o cmTryCompileExec2852251537 -rdynamic -lpthreads 
/usr/bin/ld: cannot find -lpthreads
collect2: error: ld returned 1 exit status
make[1]: *** [cmTryCompileExec2852251537] Error 1
make[1]: Leaving directory `/home/ubuntu/ros_catkin_ws/build_isolated/ros_comm/CMakeFiles/CMakeTmp'
make: *** [cmTryCompileExec2852251537/fast] Error 2


