Determining if the pthread_create exist failed with the following output:
Change Dir: /home/ubuntu/ros_catkin_ws/build_isolated/rospy/CMakeFiles/CMakeTmp

Run Build Command:/usr/bin/make "cmTryCompileExec2693312968/fast"
/usr/bin/make -f CMakeFiles/cmTryCompileExec2693312968.dir/build.make CMakeFiles/cmTryCompileExec2693312968.dir/build
make[1]: Entering directory `/home/ubuntu/ros_catkin_ws/build_isolated/rospy/CMakeFiles/CMakeTmp'
/usr/bin/cmake -E cmake_progress_report /home/ubuntu/ros_catkin_ws/build_isolated/rospy/CMakeFiles/CMakeTmp/CMakeFiles 1
Building C object CMakeFiles/cmTryCompileExec2693312968.dir/CheckSymbolExists.c.o
/usr/bin/cc    -o CMakeFiles/cmTryCompileExec2693312968.dir/CheckSymbolExists.c.o   -c /home/ubuntu/ros_catkin_ws/build_isolated/rospy/CMakeFiles/CMakeTmp/CheckSymbolExists.c
Linking C executable cmTryCompileExec2693312968
/usr/bin/cmake -E cmake_link_script CMakeFiles/cmTryCompileExec2693312968.dir/link.txt --verbose=1
/usr/bin/cc       CMakeFiles/cmTryCompileExec2693312968.dir/CheckSymbolExists.c.o  -o cmTryCompileExec2693312968 -rdynamic 
CMakeFiles/cmTryCompileExec2693312968.dir/CheckSymbolExists.c.o: In function `main':
CheckSymbolExists.c:(.text+0xe): undefined reference to `pthread_create'
CheckSymbolExists.c:(.text+0x12): undefined reference to `pthread_create'
collect2: error: ld returned 1 exit status
make[1]: Leaving directory `/home/ubuntu/ros_catkin_ws/build_isolated/rospy/CMakeFiles/CMakeTmp'
make[1]: *** [cmTryCompileExec2693312968] Error 1
make: *** [cmTryCompileExec2693312968/fast] Error 2

File /home/ubuntu/ros_catkin_ws/build_isolated/rospy/CMakeFiles/CMakeTmp/CheckSymbolExists.c:
/* */
#include <pthread.h>

int main(int argc, char** argv)
{
  (void)argv;
#ifndef pthread_create
  return ((int*)(&pthread_create))[argc];
#else
  (void)argc;
  return 0;
#endif
}

Determining if the function pthread_create exists in the pthreads failed with the following output:
Change Dir: /home/ubuntu/ros_catkin_ws/build_isolated/rospy/CMakeFiles/CMakeTmp

Run Build Command:/usr/bin/make "cmTryCompileExec331641776/fast"
/usr/bin/make -f CMakeFiles/cmTryCompileExec331641776.dir/build.make CMakeFiles/cmTryCompileExec331641776.dir/build
make[1]: Entering directory `/home/ubuntu/ros_catkin_ws/build_isolated/rospy/CMakeFiles/CMakeTmp'
/usr/bin/cmake -E cmake_progress_report /home/ubuntu/ros_catkin_ws/build_isolated/rospy/CMakeFiles/CMakeTmp/CMakeFiles 1
Building C object CMakeFiles/cmTryCompileExec331641776.dir/CheckFunctionExists.c.o
/usr/bin/cc   -DCHECK_FUNCTION_EXISTS=pthread_create   -o CMakeFiles/cmTryCompileExec331641776.dir/CheckFunctionExists.c.o   -c /usr/share/cmake-2.8/Modules/CheckFunctionExists.c
Linking C executable cmTryCompileExec331641776
/usr/bin/cmake -E cmake_link_script CMakeFiles/cmTryCompileExec331641776.dir/link.txt --verbose=1
/usr/bin/cc   -DCHECK_FUNCTION_EXISTS=pthread_create    CMakeFiles/cmTryCompileExec331641776.dir/CheckFunctionExists.c.o  -o cmTryCompileExec331641776 -rdynamic -lpthreads 
/usr/bin/ld: cannot find -lpthreads
collect2: error: ld returned 1 exit status
make[1]: Leaving directory `/home/ubuntu/ros_catkin_ws/build_isolated/rospy/CMakeFiles/CMakeTmp'
make[1]: *** [cmTryCompileExec331641776] Error 1
make: *** [cmTryCompileExec331641776/fast] Error 2


